Using pre-set license
Built from '2020.3/staging' branch; Version is '2020.3.33f1 (915a7af8b0d5) revision 9525882'; Using compiler version '192528614'; Build Type 'Release'
OS: 'Windows 10  (10.0.19042) 64bit Professional' Language: 'ko' Physical Memory: 32647 MB
BatchMode: 1, IsHumanControllingUs: 0, StartBugReporterOnCrash: 0, Is64bit: 1, IsPro: 0

COMMAND LINE ARGUMENTS:
C:\Program Files\Unity\Hub\Editor\2020.3.33f1\Editor\Unity.exe
-adb2
-batchMode
-noUpm
-name
AssetImportWorker0
-projectPath
D:/20183487/Capstone/Capstone_2022_Japgokbap/Capstone_2022_Japgokbap
-logFile
Logs/AssetImportWorker0.log
-srvPort
52069
Successfully changed project path to: D:/20183487/Capstone/Capstone_2022_Japgokbap/Capstone_2022_Japgokbap
D:/20183487/Capstone/Capstone_2022_Japgokbap/Capstone_2022_Japgokbap
Using Asset Import Pipeline V2.
Refreshing native plugins compatible for Editor in 38.12 ms, found 2 plugins.
Preloading 0 native plugins for Editor in 0.00 ms.
Initialize engine version: 2020.3.33f1 (915a7af8b0d5)
[Subsystems] Discovering subsystems at path C:/Program Files/Unity/Hub/Editor/2020.3.33f1/Editor/Data/Resources/UnitySubsystems
[Subsystems] Discovering subsystems at path D:/20183487/Capstone/Capstone_2022_Japgokbap/Capstone_2022_Japgokbap/Assets
GfxDevice: creating device client; threaded=0
Direct3D:
    Version:  Direct3D 11.0 [level 11.1]
    Renderer: NVIDIA GeForce GTX 1060 3GB (ID=0x1c02)
    Vendor:   
    VRAM:     2988 MB
    Driver:   30.0.14.7291
Initialize mono
Mono path[0] = 'C:/Program Files/Unity/Hub/Editor/2020.3.33f1/Editor/Data/Managed'
Mono path[1] = 'C:/Program Files/Unity/Hub/Editor/2020.3.33f1/Editor/Data/MonoBleedingEdge/lib/mono/unityjit'
Mono config path = 'C:/Program Files/Unity/Hub/Editor/2020.3.33f1/Editor/Data/MonoBleedingEdge/etc'
Using monoOptions --debugger-agent=transport=dt_socket,embedding=1,server=y,suspend=n,address=127.0.0.1:56916
Begin MonoManager ReloadAssembly
Registering precompiled unity dll's ...
Register platform support module: C:/Program Files/Unity/Hub/Editor/2020.3.33f1/Editor/Data/PlaybackEngines/WindowsStandaloneSupport/UnityEditor.WindowsStandalone.Extensions.dll
Registered in 0.004985 seconds.
Native extension for WindowsStandalone target not found
Refreshing native plugins compatible for Editor in 36.41 ms, found 2 plugins.
Preloading 0 native plugins for Editor in 0.00 ms.
Mono: successfully reloaded assembly
- Completed reload, in  0.580 seconds
Domain Reload Profiling:
	ReloadAssembly (581ms)
		BeginReloadAssembly (90ms)
			ExecutionOrderSort (0ms)
			DisableScriptedObjects (0ms)
			BackupInstance (0ms)
			ReleaseScriptingObjects (0ms)
			CreateAndSetChildDomain (1ms)
		EndReloadAssembly (405ms)
			LoadAssemblies (86ms)
			RebuildTransferFunctionScriptingTraits (0ms)
			SetupTypeCache (136ms)
			ReleaseScriptCaches (0ms)
			RebuildScriptCaches (28ms)
			SetupLoadedEditorAssemblies (145ms)
				LogAssemblyErrors (0ms)
				InitializePlatformSupportModulesInManaged (4ms)
				SetLoadedEditorAssemblies (0ms)
				RefreshPlugins (36ms)
				BeforeProcessingInitializeOnLoad (11ms)
				ProcessInitializeOnLoadAttributes (69ms)
				ProcessInitializeOnLoadMethodAttributes (24ms)
				AfterProcessingInitializeOnLoad (0ms)
				EditorAssembliesLoaded (0ms)
			ExecutionOrderSort2 (0ms)
			AwakeInstancesAfterBackupRestoration (0ms)
Platform modules already initialized, skipping
Registering precompiled user dll's ...
Registered in 0.002508 seconds.
Begin MonoManager ReloadAssembly
Symbol file LoadedFromMemory doesn't match image D:\20183487\Capstone\Capstone_2022_Japgokbap\Capstone_2022_Japgokbap\Library\PackageCache\com.unity.collab-proxy@1.15.15\Lib\Editor\PlasticSCM\unityplastic.dll
Native extension for WindowsStandalone target not found
Refreshing native plugins compatible for Editor in 0.42 ms, found 2 plugins.
Preloading 0 native plugins for Editor in 0.00 ms.
Mono: successfully reloaded assembly
- Completed reload, in  1.125 seconds
Domain Reload Profiling:
	ReloadAssembly (1126ms)
		BeginReloadAssembly (175ms)
			ExecutionOrderSort (0ms)
			DisableScriptedObjects (4ms)
			BackupInstance (0ms)
			ReleaseScriptingObjects (0ms)
			CreateAndSetChildDomain (19ms)
		EndReloadAssembly (878ms)
			LoadAssemblies (119ms)
			RebuildTransferFunctionScriptingTraits (0ms)
			SetupTypeCache (271ms)
			ReleaseScriptCaches (0ms)
			RebuildScriptCaches (43ms)
			SetupLoadedEditorAssemblies (393ms)
				LogAssemblyErrors (0ms)
				InitializePlatformSupportModulesInManaged (4ms)
				SetLoadedEditorAssemblies (0ms)
				RefreshPlugins (0ms)
				BeforeProcessingInitializeOnLoad (87ms)
				ProcessInitializeOnLoadAttributes (277ms)
				ProcessInitializeOnLoadMethodAttributes (9ms)
				AfterProcessingInitializeOnLoad (15ms)
				EditorAssembliesLoaded (0ms)
			ExecutionOrderSort2 (0ms)
			AwakeInstancesAfterBackupRestoration (6ms)
Platform modules already initialized, skipping
========================================================================
Worker process is ready to serve import requests
Launched and connected shader compiler UnityShaderCompiler.exe after 0.04 seconds
Refreshing native plugins compatible for Editor in 0.42 ms, found 2 plugins.
Preloading 0 native plugins for Editor in 0.00 ms.
Unloading 1791 Unused Serialized files (Serialized files now loaded: 0)
System memory in use before: 97.2 MB.
System memory in use after: 97.3 MB.

Unloading 18 unused Assets to reduce memory usage. Loaded Objects now: 2232.
Total: 2.917900 ms (FindLiveObjects: 0.140800 ms CreateObjectMapping: 0.046700 ms MarkObjects: 2.632300 ms  DeleteObjects: 0.097400 ms)

AssetImportParameters requested are different than current active one (requested -> active):
  custom:framework-win-MediaFoundation: 216162199b28c13a410421893ffa2e32 -> 
  custom:video-decoder-ogg-theora: a1e56fd34408186e4bbccfd4996cb3dc -> 
  custom:container-muxer-webm: aa71ff27fc2769a1b78a27578f13a17b -> 
  custom:container-demuxer-webm: 4f35f7cbe854078d1ac9338744f61a02 -> 
  custom:container-demuxer-ogg: 62fdf1f143b41e24485cea50d1cbac27 -> 
  custom:video-encoder-webm-vp8: eb34c28f22e8b96e1ab97ce403110664 -> 
  custom:video-decoder-webm-vp8: 9c59270c3fd7afecdb556c50c9e8de78 -> 
  custom:audio-decoder-ogg-vorbis: bf7c407c2cedff20999df2af8eb42d56 -> 
  custom:audio-encoder-webm-vorbis: bf7c407c2cedff20999df2af8eb42d56 -> 
========================================================================
Received Import Request.
  path: Assets/Characters/Great Sword Walk.fbx
  artifactKey: Guid(646acc3e3609f03408ea6b3b08cb7b97) Importer(815301076,1909f56bfc062723c751e8b465ee728b)
Start importing Assets/Characters/Great Sword Walk.fbx using Guid(646acc3e3609f03408ea6b3b08cb7b97) Importer(815301076,1909f56bfc062723c751e8b465ee728b)  -> (artifact id: '7d9ae2f3cd72fba6f2363597f05052cc') in 0.491816 seconds 
========================================================================
Received Import Request.
  Time since last request: 0.000273 seconds.
  path: Assets/Characters/Archer Instance.prefab
  artifactKey: Guid(679ea1af042d79a43be9766a0343d543) Importer(815301076,1909f56bfc062723c751e8b465ee728b)
Start importing Assets/Characters/Archer Instance.prefab using Guid(679ea1af042d79a43be9766a0343d543) Importer(815301076,1909f56bfc062723c751e8b465ee728b)  -> (artifact id: '84aa5feea7bff0f73dac6fc9bbc0eb28') in 0.033481 seconds 
========================================================================
Received Import Request.
  Time since last request: 0.000214 seconds.
  path: Assets/Characters/warrior mat.mat
  artifactKey: Guid(7235da4d4a6394c4c90b755fd9acc9b0) Importer(815301076,1909f56bfc062723c751e8b465ee728b)
Start importing Assets/Characters/warrior mat.mat using Guid(7235da4d4a6394c4c90b755fd9acc9b0) Importer(815301076,1909f56bfc062723c751e8b465ee728b)  -> (artifact id: '2ff3bbcc0e065cd495be739fc4f21d01') in 0.480636 seconds 
========================================================================
Received Import Request.
  Time since last request: 0.000615 seconds.
  path: Assets/Characters/Walk.fbx
  artifactKey: Guid(7748a1b5566b57e4c90273cf27d94e22) Importer(815301076,1909f56bfc062723c751e8b465ee728b)
Start importing Assets/Characters/Walk.fbx using Guid(7748a1b5566b57e4c90273cf27d94e22) Importer(815301076,1909f56bfc062723c751e8b465ee728b)  -> (artifact id: 'aca1611d8a6501911e293e1dcf394f83') in 0.011607 seconds 
========================================================================
Received Import Request.
  Time since last request: 0.000346 seconds.
  path: Assets/Characters/Idle.fbx
  artifactKey: Guid(b9dddf4d20e129c40b3d5f6ee2fc5902) Importer(815301076,1909f56bfc062723c751e8b465ee728b)
Start importing Assets/Characters/Idle.fbx using Guid(b9dddf4d20e129c40b3d5f6ee2fc5902) Importer(815301076,1909f56bfc062723c751e8b465ee728b)  -> (artifact id: 'd46ca0d0315f6fe0dca4dfae1965ff70') in 0.007268 seconds 
========================================================================
Received Import Request.
  Time since last request: 0.000235 seconds.
  path: Assets/Characters/Slash.fbx
  artifactKey: Guid(666c9e22e1ac17f47a709b5e8ace67d9) Importer(815301076,1909f56bfc062723c751e8b465ee728b)
Start importing Assets/Characters/Slash.fbx using Guid(666c9e22e1ac17f47a709b5e8ace67d9) Importer(815301076,1909f56bfc062723c751e8b465ee728b)  -> (artifact id: '7b45256977414ed15bd22875d61be959') in 0.007206 seconds 
========================================================================
Received Import Request.
  Time since last request: 0.000334 seconds.
  path: Assets/Characters/Magician Instance.prefab
  artifactKey: Guid(e770ba99307278946b6792a64b768598) Importer(815301076,1909f56bfc062723c751e8b465ee728b)
Start importing Assets/Characters/Magician Instance.prefab using Guid(e770ba99307278946b6792a64b768598) Importer(815301076,1909f56bfc062723c751e8b465ee728b)  -> (artifact id: 'd3a97c9c76d78a2519aeab96577a27a6') in 0.006505 seconds 
========================================================================
Received Import Request.
  Time since last request: 0.000567 seconds.
  path: Assets/Characters/WorriorInstance.prefab
  artifactKey: Guid(a0af58571d7ce104ea01d2863437c206) Importer(815301076,1909f56bfc062723c751e8b465ee728b)
Start importing Assets/Characters/WorriorInstance.prefab using Guid(a0af58571d7ce104ea01d2863437c206) Importer(815301076,1909f56bfc062723c751e8b465ee728b)  -> (artifact id: 'f5bffb354b08bd9d9d2a4265bce1d15e') in 0.013704 seconds 
========================================================================
Received Import Request.
  Time since last request: 0.000330 seconds.
  path: Assets/Characters/axe mat.mat
  artifactKey: Guid(1150453554f2a7448b6f92953468d15a) Importer(815301076,1909f56bfc062723c751e8b465ee728b)
Start importing Assets/Characters/axe mat.mat using Guid(1150453554f2a7448b6f92953468d15a) Importer(815301076,1909f56bfc062723c751e8b465ee728b)  -> (artifact id: '36950f751c68da843895865cd994c60e') in 0.050568 seconds 
========================================================================
Received Import Request.
  Time since last request: 0.000218 seconds.
  path: Assets/Characters/SeismWave.fbx
  artifactKey: Guid(38557eda5bbbe4443b66fe2f90ff5c8f) Importer(815301076,1909f56bfc062723c751e8b465ee728b)
Start importing Assets/Characters/SeismWave.fbx using Guid(38557eda5bbbe4443b66fe2f90ff5c8f) Importer(815301076,1909f56bfc062723c751e8b465ee728b)  -> (artifact id: '91af5b048a60a4fecab9c5834e28aef4') in 0.007627 seconds 
========================================================================
Received Import Request.
  Time since last request: 0.000454 seconds.
  path: Assets/Characters/mix base@Standing Melee Combo Attack Ver. 3 (1).fbx
  artifactKey: Guid(67bef5add2b9ab74fba901238cba8520) Importer(815301076,1909f56bfc062723c751e8b465ee728b)
Start importing Assets/Characters/mix base@Standing Melee Combo Attack Ver. 3 (1).fbx using Guid(67bef5add2b9ab74fba901238cba8520) Importer(815301076,1909f56bfc062723c751e8b465ee728b)  -> (artifact id: 'ff541601e8dd593fa669f4b00be59567') in 0.005827 seconds 
========================================================================
Received Import Request.
  Time since last request: 0.000277 seconds.
  path: Assets/Characters/mix base.fbx
  artifactKey: Guid(681f8180da4b6594f96ccd7dbe6f93c9) Importer(815301076,1909f56bfc062723c751e8b465ee728b)
Start importing Assets/Characters/mix base.fbx using Guid(681f8180da4b6594f96ccd7dbe6f93c9) Importer(815301076,1909f56bfc062723c751e8b465ee728b)  -> (artifact id: '9f4429186ea0098c1bf98984a18a1b8a') in 0.033106 seconds 
========================================================================
Received Import Request.
  Time since last request: 0.000245 seconds.
  path: Assets/Characters/Idle2.fbx
  artifactKey: Guid(f09207f86c80c0b46a29e828aae0ba80) Importer(815301076,1909f56bfc062723c751e8b465ee728b)
Start importing Assets/Characters/Idle2.fbx using Guid(f09207f86c80c0b46a29e828aae0ba80) Importer(815301076,1909f56bfc062723c751e8b465ee728b)  -> (artifact id: '281db016c74918c5077c0bf2ceb7914e') in 0.006446 seconds 
========================================================================
Received Import Request.
  Time since last request: 17.876724 seconds.
  path: Assets/Scenes/TempScene.unity
  artifactKey: Guid(1512c3f9ce4f6b14c86687eb806e9320) Importer(815301076,1909f56bfc062723c751e8b465ee728b)
Start importing Assets/Scenes/TempScene.unity using Guid(1512c3f9ce4f6b14c86687eb806e9320) Importer(815301076,1909f56bfc062723c751e8b465ee728b)  -> (artifact id: '4c8d8eb33b72b1ef0b1633990b8ae9d5') in 0.001201 seconds 
AssetImportWorkerClient::OnTransportError - code=2 error=End of file
